2020-03-03 21:14:41;root;ERROR;Script aborted at getTickerData: ABN.A
2020-03-07 16:00:28;root;ERROR;Script aborted at get_ticker_data: N
2020-03-07 16:00:30;root;ERROR;Error in get_yearly_growth_amount: could not convert string to float: '6,000.00'
2020-03-07 16:00:35;root;ERROR;Error in get_yearly_growth_amount: float() argument must be a string or a number, not 'DataFrame'
2020-03-07 16:00:40;root;ERROR;Error in get_yearly_growth_amount: 'float' object has no attribute 'replace'
2020-03-07 16:00:40;root;ERROR;Script aborted at get_ticker_data: X
2020-03-07 16:01:43;root;ERROR;Error in get_yearly_growth_amount: 'float' object has no attribute 'replace'
2020-03-07 16:04:19;root;ERROR;Error in get_yearly_growth_amount: 'float' object has no attribute 'replace'
2020-03-07 16:07:14;root;ERROR;Error in get_yearly_growth_amount: 'float' object has no attribute 'replace'
2020-03-17 17:02:49;root;ERROR;Error in fill_income_statement_table: 'NoneType' object is not iterable at tickerGOOG
2020-03-17 17:02:57;root;ERROR;Error in fill_balance_sheet_table: 'NoneType' object is not iterable at tickerGOOG
2020-03-17 17:03:05;root;ERROR;Error in fill_cashflow_table: 'NoneType' object is not iterable at tickerGOOG
2020-03-17 17:03:13;root;ERROR;Error in fill_income_statement_table: 'NoneType' object is not iterable at tickerGOOGL
2020-03-17 17:03:22;root;ERROR;Error in fill_balance_sheet_table: 'NoneType' object is not iterable at tickerGOOGL
2020-03-17 17:03:29;root;ERROR;Error in fill_cashflow_table: 'NoneType' object is not iterable at tickerGOOGL
2020-03-17 17:07:08;root;ERROR;Error in fill_income_statement_table: 'NoneType' object is not iterable at tickerGOOG
2020-03-17 17:07:16;root;ERROR;Error in fill_balance_sheet_table: 'NoneType' object is not iterable at tickerGOOG
2020-03-17 17:07:24;root;ERROR;Error in fill_cashflow_table: 'NoneType' object is not iterable at tickerGOOG
2020-03-17 17:07:32;root;ERROR;Error in fill_income_statement_table: 'NoneType' object is not iterable at tickerGOOGL
2020-03-17 17:07:40;root;ERROR;Error in fill_balance_sheet_table: 'NoneType' object is not iterable at tickerGOOGL
2020-03-17 17:07:48;root;ERROR;Error in fill_cashflow_table: 'NoneType' object is not iterable at tickerGOOGL
2020-03-17 17:07:56;root;ERROR;Error in fill_income_statement_table: 'NoneType' object is not iterable at tickerGOOG
2020-03-17 17:08:04;root;ERROR;Error in fill_balance_sheet_table: 'NoneType' object is not iterable at tickerGOOG
2020-03-17 17:08:12;root;ERROR;Error in fill_cashflow_table: 'NoneType' object is not iterable at tickerGOOG
2020-03-17 17:08:20;root;ERROR;Error in fill_income_statement_table: 'NoneType' object is not iterable at tickerGOOGL
2020-03-17 17:08:28;root;ERROR;Error in fill_balance_sheet_table: 'NoneType' object is not iterable at tickerGOOGL
2020-03-17 17:08:36;root;ERROR;Error in fill_cashflow_table: 'NoneType' object is not iterable at tickerGOOGL
