2020-02-29 14:34:50;root;INFO;Starting basic DCF analysis:
growth rate: 0.02
min_rate_of_return: 0.15
years_ahead: 5
margin_of_safety: 0.4
2020-02-29 14:34:51;root;INFO;1332.T - estimated price 189.70515706090916, actual price 511.0, forward pe used: False
2020-02-29 14:34:51;root;INFO;1333.T - estimated price 841.1996224815741, actual price 2266.0, forward pe used: False
2020-02-29 14:34:52;root;INFO;1605.T - estimated price 346.28243843049705, actual price 932.9, forward pe used: False
2020-02-29 14:34:52;root;INFO;1721.T - estimated price 989.0776337569698, actual price 2664.0, forward pe used: False
2020-02-29 14:34:52;root;INFO;1801.T - estimated price 1372.9749937627437, actual price 3695.0, forward pe used: False
2020-02-29 14:34:53;root;INFO;1802.T - estimated price 404.7013347131529, actual price 1089.0, forward pe used: False
2020-02-29 14:34:53;root;INFO;1803.T - estimated price 364.4579876072033, actual price 982.0, forward pe used: False
2020-02-29 14:34:53;root;INFO;1808.T - estimated price 516.5103102528319, actual price 1390.0, forward pe used: False
2020-02-29 14:34:54;root;INFO;1812.T - estimated price 431.98859072638317, actual price 1163.0, forward pe used: False
2020-02-29 14:34:54;root;INFO;1925.T - estimated price 1105.9071456530157, actual price 2979.5, forward pe used: False
2020-02-29 14:34:54;root;INFO;1928.T - estimated price 785.821180008416, actual price 2117.0, forward pe used: False
2020-02-29 14:34:55;root;INFO;1963.T - estimated price 491.93324673764766, actual price 1325.0, forward pe used: False
2020-02-29 14:34:55;root;INFO;1COV.DE - estimated price 4.025890585223924, actual price 34.49, forward pe used: True
2020-02-29 14:34:55;root;INFO;2002.T - estimated price 678.0704008040133, actual price 1826.0, forward pe used: False
2020-02-29 14:34:55;root;INFO;2269.T - estimated price 2390.8086069028386, actual price 6440.0, forward pe used: False
2020-02-29 14:34:56;root;INFO;2282.T - estimated price 1511.4143417312605, actual price 4070.0, forward pe used: False
2020-02-29 14:34:56;root;INFO;2413.T - estimated price 1034.7366128291187, actual price 2786.0, forward pe used: False
2020-02-29 14:34:56;root;INFO;2432.T failed
2020-02-29 14:34:56;root;INFO;2501.T - estimated price 803.5302267277613, actual price 2164.0, forward pe used: False
2020-02-29 14:34:57;root;INFO;2502.T - estimated price 1541.1385281567511, actual price 4150.0, forward pe used: False
2020-02-29 14:34:57;root;INFO;2503.T - estimated price 770.4177241174995, actual price 2075.0, forward pe used: False
2020-02-29 14:34:58;root;INFO;2531.T - estimated price 310.747932892481, actual price 837.0, forward pe used: False
2020-02-29 14:34:58;root;INFO;2768.T - estimated price 115.87218483616971, actual price 312.0, forward pe used: False
2020-02-29 14:34:58;root;INFO;2801.T - estimated price 1860.1290689432635, actual price 5010.0, forward pe used: False
2020-02-29 14:34:59;root;INFO;2802.T - estimated price 672.9583314891652, actual price 1812.0, forward pe used: False
2020-02-29 14:34:59;root;INFO;2871.T - estimated price 1022.462284461636, actual price 2753.0, forward pe used: False
2020-02-29 14:34:59;root;INFO;2914.T - estimated price 796.4208451326831, actual price 2144.0, forward pe used: False
2020-02-29 14:35:00;root;INFO;3086.T - estimated price 425.9586667795961, actual price 1147.0, forward pe used: False
2020-02-29 14:35:00;root;INFO;3099.T - estimated price 262.5408099351907, actual price 707.0, forward pe used: False
2020-02-29 14:35:00;root;INFO;3101.T - estimated price 503.9429650190722, actual price 1357.0, forward pe used: False
2020-02-29 14:35:00;root;INFO;3103.T failed
2020-02-29 14:35:00;root;INFO;3105.T failed
2020-02-29 14:35:00;root;INFO;3289.T - estimated price 252.83519716035332, actual price 681.0, forward pe used: False
2020-02-29 14:35:01;root;INFO;3382.T - estimated price 1372.827278505609, actual price 3696.0, forward pe used: False
2020-02-29 14:35:01;root;INFO;3401.T - estimated price 659.2029144474562, actual price 1775.0, forward pe used: False
2020-02-29 14:35:02;root;INFO;3402.T - estimated price 232.02509550037803, actual price 624.7, forward pe used: False
2020-02-29 14:35:02;root;INFO;3405.T failed
2020-02-29 14:35:02;root;INFO;3407.T - estimated price 334.59496072258054, actual price 900.7, forward pe used: False
2020-02-29 14:35:02;root;INFO;3436.T - estimated price 609.1442264156301, actual price 1641.0, forward pe used: False
