2020-03-07 14:39:52;root;ERROR;Error in fill_analysts_table: No tables found at tickerPRX.AS
2020-03-07 14:40:57;root;ERROR;Error in fill_analysts_table: No tables found at tickerAPAM.BR
2020-03-07 14:41:07;root;ERROR;Error in fill_analysts_table: No tables found at tickerBAS.DE
2020-03-07 14:41:16;root;ERROR;Error in fill_analysts_table: No tables found at tickerDBK.DE
2020-03-07 14:41:18;root;ERROR;Error in fill_analysts_table: No tables found at tickerLHA.DE
2020-03-07 14:41:24;root;ERROR;Error in fill_analysts_table: No tables found at tickerFRE.DE
2020-03-07 14:41:26;root;ERROR;Error in fill_analysts_table: No tables found at tickerHEI.DE
2020-03-07 14:41:30;root;ERROR;Error in fill_analysts_table: No tables found at tickerLIN.DE
2020-03-07 14:41:31;root;ERROR;Error in fill_analysts_table: No tables found at tickerMRK.DE
2020-03-07 14:41:35;root;ERROR;Error in fill_analysts_table: No tables found at tickerRWE.DE
2020-03-07 14:41:36;root;ERROR;Error in fill_analysts_table: No tables found at tickerSAP.DE
2020-03-07 14:41:38;root;ERROR;Error in fill_analysts_table: No tables found at tickerSIE.DE
2020-03-07 14:43:40;root;ERROR;Error in fill_analysts_table: No tables found at tickerMNG.L
2020-03-07 14:44:09;root;ERROR;Error in fill_analysts_table: No tables found at tickerRDSA.L
2020-03-07 14:47:38;root;ERROR;Error in fill_analysts_table: No tables found at tickerMSJP.T
2020-03-07 14:49:22;root;ERROR;Error in fill_analysts_table: No tables found at tickerJPY.T
2020-03-07 14:56:30;root;ERROR;Error in fill_analysts_table: No tables found at tickerBRK.B
2020-03-07 15:05:04;root;ERROR;Error in fill_analysts_table: No tables found at tickerNWS
2020-03-07 15:10:48;root;ERROR;Error in fill_analysts_table: No tables found at ticker600485.SS
2020-03-07 15:12:03;root;ERROR;Error in fill_analysts_table: No tables found at ticker603580.SS
2020-03-07 15:12:05;root;ERROR;Error in fill_analysts_table: No tables found at ticker603089.SS
2020-03-07 15:12:35;root;ERROR;Error in fill_analysts_table: No tables found at ticker603967.SS
2020-03-07 15:13:08;root;ERROR;Error in fill_analysts_table: No tables found at ticker603721.SS
2020-03-07 15:13:14;root;ERROR;Error in fill_analysts_table: No tables found at ticker600300.SS
2020-03-07 15:13:18;root;ERROR;Error in fill_analysts_table: No tables found at ticker603226.SS
2020-03-09 20:18:57;root;ERROR;Error in fill_income_statement_table: 'NoneType' object is not iterable at tickerSNE
2020-03-09 20:19:05;root;ERROR;Error in fill_balance_sheet_table: 'NoneType' object is not iterable at tickerSNE
2020-03-09 20:19:13;root;ERROR;Error in fill_cashflow_table: 'NoneType' object is not iterable at tickerSNE
2020-03-09 20:19:21;root;ERROR;Error in fill_income_statement_table: 'NoneType' object is not iterable at tickerUBER
2020-03-09 20:19:29;root;ERROR;Error in fill_balance_sheet_table: 'NoneType' object is not iterable at tickerUBER
2020-03-09 20:19:37;root;ERROR;Error in fill_cashflow_table: 'NoneType' object is not iterable at tickerUBER
2020-03-09 22:28:40;root;ERROR;Error in fill_income_statement_table: 'NoneType' object is not iterable at tickerSNE
2020-03-09 22:28:48;root;ERROR;Error in fill_balance_sheet_table: 'NoneType' object is not iterable at tickerSNE
2020-03-09 22:28:56;root;ERROR;Error in fill_cashflow_table: 'NoneType' object is not iterable at tickerSNE
2020-03-09 22:29:04;root;ERROR;Error in fill_income_statement_table: 'NoneType' object is not iterable at tickerUBER
2020-03-09 22:29:12;root;ERROR;Error in fill_balance_sheet_table: 'NoneType' object is not iterable at tickerUBER
2020-03-09 22:29:20;root;ERROR;Error in fill_cashflow_table: 'NoneType' object is not iterable at tickerUBER
2020-03-09 22:31:14;root;ERROR;Error in fill_income_statement_table: 'NoneType' object is not iterable at tickerSNE
2020-03-09 22:31:22;root;ERROR;Error in fill_balance_sheet_table: 'NoneType' object is not iterable at tickerSNE
2020-03-09 22:31:29;root;ERROR;Error in fill_cashflow_table: 'NoneType' object is not iterable at tickerSNE
2020-03-09 22:31:38;root;ERROR;Error in fill_income_statement_table: 'NoneType' object is not iterable at tickerUBER
2020-03-09 22:31:46;root;ERROR;Error in fill_balance_sheet_table: 'NoneType' object is not iterable at tickerUBER
2020-03-09 22:31:53;root;ERROR;Error in fill_cashflow_table: 'NoneType' object is not iterable at tickerUBER
2020-03-09 22:33:00;root;ERROR;Error in fill_income_statement_table: 'NoneType' object is not iterable at tickerSNE
2020-03-09 22:33:08;root;ERROR;Error in fill_balance_sheet_table: 'NoneType' object is not iterable at tickerSNE
2020-03-09 22:33:16;root;ERROR;Error in fill_cashflow_table: 'NoneType' object is not iterable at tickerSNE
2020-03-09 22:33:23;root;ERROR;Error in fill_income_statement_table: 'NoneType' object is not iterable at tickerUBER
2020-03-09 22:33:32;root;ERROR;Error in fill_balance_sheet_table: 'NoneType' object is not iterable at tickerUBER
2020-03-09 22:33:40;root;ERROR;Error in fill_cashflow_table: 'NoneType' object is not iterable at tickerUBER
2020-03-09 22:33:47;root;ERROR;Error in fill_income_statement_table: 'NoneType' object is not iterable at tickerASML.AS
2020-03-09 22:33:56;root;ERROR;Error in fill_balance_sheet_table: 'NoneType' object is not iterable at tickerASML.AS
2020-03-09 22:34:04;root;ERROR;Error in fill_cashflow_table: 'NoneType' object is not iterable at tickerASML.AS
2020-03-12 20:41:59;root;ERROR;Error in fill_pricing_table: (1054, "Unknown column 'nan' in 'field list'")
2020-03-12 20:42:02;root;ERROR;Error in fill_pricing_table: (1054, "Unknown column 'nan' in 'field list'")
2020-03-12 20:42:02;root;ERROR;Error in fill_pricing_table: (1054, "Unknown column 'nan' in 'field list'")
2020-03-12 20:42:03;root;ERROR;Error in fill_pricing_table: (1054, "Unknown column 'nan' in 'field list'")
2020-03-12 20:42:28;root;ERROR;Error in fill_analysts_table: No tables found at tickerLHA.DE
2020-03-14 11:55:24;root;ERROR;Error in fill_income_statement_table: 'NoneType' object is not iterable at tickerAMZN
2020-03-14 11:55:31;root;ERROR;Error in fill_balance_sheet_table: 'NoneType' object is not iterable at tickerAMZN
2020-03-14 11:55:39;root;ERROR;Error in fill_cashflow_table: 'NoneType' object is not iterable at tickerAMZN
2020-03-14 12:12:23;root;ERROR;Error in fill_stats_table: can only concatenate str (not "float") to str at tickernan
2020-03-14 12:12:23;root;ERROR;Error in fill_stats_table: can only concatenate str (not "float") to str at tickernan
2020-03-14 12:12:23;root;ERROR;Error in fill_stats_table: can only concatenate str (not "float") to str at tickernan
2020-03-14 12:12:23;root;ERROR;Error in fill_stats_table: can only concatenate str (not "float") to str at tickernan
2020-03-14 12:12:23;root;ERROR;Error in fill_stats_table: can only concatenate str (not "float") to str at tickernan
2020-03-14 12:12:23;root;ERROR;Error in fill_stats_table: can only concatenate str (not "float") to str at tickernan
2020-03-14 12:12:23;root;ERROR;Error in fill_stats_table: can only concatenate str (not "float") to str at tickernan
2020-03-14 13:11:09;root;ERROR;Known error in profile_info_to_df: 'QuoteSummaryStore'
2020-03-14 13:11:11;root;ERROR;Known error in profile_info_to_df: 'QuoteSummaryStore'
2020-03-14 13:11:18;root;ERROR;Known error in profile_info_to_df: 'QuoteSummaryStore'
2020-03-14 13:13:33;root;ERROR;Unknown error in profile_info_to_df: 'NoneType' object has no attribute 'text'
2020-03-14 13:14:09;root;ERROR;Known error in profile_info_to_df: 'QuoteSummaryStore'
2020-03-14 13:14:55;root;ERROR;Known error in profile_info_to_df: 'QuoteSummaryStore'
2020-03-14 13:24:22;root;ERROR;Couldnt write profile to csv: 'charmap' codec can't encode character '\x96' in position 23: character maps to <undefined>
2020-03-17 16:50:44;root;ERROR;Error in fill_income_statement_table: 'NoneType' object is not iterable at tickerGOOG
2020-03-17 16:50:52;root;ERROR;Error in fill_balance_sheet_table: 'NoneType' object is not iterable at tickerGOOG
2020-03-17 16:51:01;root;ERROR;Error in fill_cashflow_table: 'NoneType' object is not iterable at tickerGOOG
2020-03-17 16:51:08;root;ERROR;Error in fill_income_statement_table: 'NoneType' object is not iterable at tickerGOOGL
2020-03-17 16:51:16;root;ERROR;Error in fill_balance_sheet_table: 'NoneType' object is not iterable at tickerGOOGL
2020-03-17 16:51:24;root;ERROR;Error in fill_cashflow_table: 'NoneType' object is not iterable at tickerGOOGL
2020-03-17 17:05:28;root;ERROR;Error in fill_income_statement_table: 'NoneType' object is not iterable at tickerGOOG
2020-03-17 17:05:36;root;ERROR;Error in fill_balance_sheet_table: 'NoneType' object is not iterable at tickerGOOG
2020-03-17 17:05:44;root;ERROR;Error in fill_cashflow_table: 'NoneType' object is not iterable at tickerGOOG
2020-03-17 17:05:52;root;ERROR;Error in fill_income_statement_table: 'NoneType' object is not iterable at tickerGOOGL
2020-03-17 17:06:01;root;ERROR;Error in fill_balance_sheet_table: 'NoneType' object is not iterable at tickerGOOGL
2020-03-17 17:06:08;root;ERROR;Error in fill_cashflow_table: 'NoneType' object is not iterable at tickerGOOGL
2020-03-17 17:10:17;root;ERROR;Error in fill_income_statement_table: 'NoneType' object is not iterable at ticker GOOG
2020-03-17 17:10:25;root;ERROR;Error in fill_balance_sheet_table: 'NoneType' object is not iterable at ticker GOOG
2020-03-17 17:10:33;root;ERROR;Error in fill_cashflow_table: 'NoneType' object is not iterable at ticker GOOG
2020-03-17 17:10:41;root;ERROR;Error in fill_income_statement_table: 'NoneType' object is not iterable at ticker GOOGL
2020-03-17 17:10:49;root;ERROR;Error in fill_balance_sheet_table: 'NoneType' object is not iterable at ticker GOOGL
2020-03-17 17:10:56;root;ERROR;Error in fill_cashflow_table: 'NoneType' object is not iterable at ticker GOOGL
2020-03-17 17:14:48;root;ERROR;Error in fill_income_statement_table: 'NoneType' object is not iterable at ticker GOOG
2020-03-17 17:14:56;root;ERROR;Error in fill_balance_sheet_table: 'NoneType' object is not iterable at ticker GOOG
2020-03-17 17:15:04;root;ERROR;Error in fill_cashflow_table: 'NoneType' object is not iterable at ticker GOOG
2020-03-17 17:15:12;root;ERROR;Error in fill_income_statement_table: 'NoneType' object is not iterable at ticker GOOGL
2020-03-17 17:15:20;root;ERROR;Error in fill_balance_sheet_table: 'NoneType' object is not iterable at ticker GOOGL
2020-03-17 17:15:29;root;ERROR;Error in fill_cashflow_table: 'NoneType' object is not iterable at ticker GOOGL
2020-03-17 17:15:55;root;ERROR;Error in fill_income_statement_table: 'NoneType' object is not iterable at ticker GOOG
2020-03-17 17:16:03;root;ERROR;Error in fill_balance_sheet_table: 'NoneType' object is not iterable at ticker GOOG
2020-03-17 17:16:11;root;ERROR;Error in fill_cashflow_table: 'NoneType' object is not iterable at ticker GOOG
2020-03-17 17:16:19;root;ERROR;Error in fill_income_statement_table: 'NoneType' object is not iterable at ticker GOOGL
2020-03-17 17:16:27;root;ERROR;Error in fill_balance_sheet_table: 'NoneType' object is not iterable at ticker GOOGL
2020-03-17 17:16:35;root;ERROR;Error in fill_cashflow_table: 'NoneType' object is not iterable at ticker GOOGL
2020-03-17 17:17:21;root;ERROR;Error in fill_income_statement_table: 'NoneType' object is not iterable at ticker GOOG
2020-03-17 17:17:30;root;ERROR;Error in fill_balance_sheet_table: 'NoneType' object is not iterable at ticker GOOG
2020-03-17 17:17:37;root;ERROR;Error in fill_cashflow_table: 'NoneType' object is not iterable at ticker GOOG
2020-03-17 17:17:45;root;ERROR;Error in fill_income_statement_table: 'NoneType' object is not iterable at ticker GOOGL
2020-03-17 17:17:53;root;ERROR;Error in fill_balance_sheet_table: 'NoneType' object is not iterable at ticker GOOGL
2020-03-17 17:18:01;root;ERROR;Error in fill_cashflow_table: 'NoneType' object is not iterable at ticker GOOGL
2020-03-17 17:18:31;root;ERROR;Error in fill_income_statement_table: 'NoneType' object is not iterable at ticker GOOG
2020-03-17 17:18:39;root;ERROR;Error in fill_balance_sheet_table: 'NoneType' object is not iterable at ticker GOOG
2020-03-17 17:20:04;root;ERROR;Error in fill_income_statement_table: 'NoneType' object is not iterable at ticker GOOG
2020-03-17 17:20:12;root;ERROR;Error in fill_balance_sheet_table: 'NoneType' object is not iterable at ticker GOOG
2020-03-17 17:20:40;root;ERROR;Error in fill_income_statement_table: 'NoneType' object is not iterable at ticker GOOG
2020-03-17 17:20:48;root;ERROR;Error in fill_balance_sheet_table: 'NoneType' object is not iterable at ticker GOOG
2020-03-17 17:24:24;root;ERROR;Error in fill_income_statement_table: 'NoneType' object is not iterable at ticker GOOG
2020-03-17 17:24:33;root;ERROR;Error in fill_balance_sheet_table: 'NoneType' object is not iterable at ticker GOOG
2020-03-17 17:25:47;root;ERROR;Error in fill_income_statement_table: 'NoneType' object is not iterable at ticker GOOG
2020-03-17 17:25:55;root;ERROR;Error in fill_balance_sheet_table: 'NoneType' object is not iterable at ticker GOOG
2020-03-17 17:26:11;root;ERROR;Error in fill_income_statement_table: 'NoneType' object is not iterable at ticker GOOGL
2020-03-17 17:26:19;root;ERROR;Error in fill_balance_sheet_table: 'NoneType' object is not iterable at ticker GOOGL
2020-03-17 17:27:16;root;ERROR;Error in fill_income_statement_table: 'NoneType' object is not iterable at tickerGOOG
2020-03-17 17:27:25;root;ERROR;Error in fill_balance_sheet_table: 'NoneType' object is not iterable at tickerGOOG
2020-03-17 17:27:32;root;ERROR;Error in fill_cashflow_table: 'NoneType' object is not iterable at tickerGOOG
2020-03-17 17:27:40;root;ERROR;Error in fill_income_statement_table: 'NoneType' object is not iterable at tickerGOOGL
2020-03-17 17:27:48;root;ERROR;Error in fill_balance_sheet_table: 'NoneType' object is not iterable at tickerGOOGL
2020-03-17 17:27:56;root;ERROR;Error in fill_cashflow_table: 'NoneType' object is not iterable at tickerGOOGL
2020-03-17 17:29:40;root;ERROR;Error in fill_income_statement_table: 'NoneType' object is not iterable at ticker GOOG
2020-03-17 17:29:48;root;ERROR;Error in fill_balance_sheet_table: 'NoneType' object is not iterable at ticker GOOG
2020-03-17 17:30:04;root;ERROR;Error in fill_income_statement_table: 'NoneType' object is not iterable at ticker GOOGL
2020-03-17 17:30:12;root;ERROR;Error in fill_balance_sheet_table: 'NoneType' object is not iterable at ticker GOOGL
2020-03-17 17:31:24;root;ERROR;Error in fill_income_statement_table: 'NoneType' object is not iterable at ticker GOOG
2020-03-17 17:31:32;root;ERROR;Error in fill_balance_sheet_table: 'NoneType' object is not iterable at ticker GOOG
2020-03-17 17:31:48;root;ERROR;Error in fill_income_statement_table: 'NoneType' object is not iterable at ticker GOOGL
2020-03-17 17:31:56;root;ERROR;Error in fill_balance_sheet_table: 'NoneType' object is not iterable at ticker GOOGL
2020-04-05 14:10:46;root;ERROR;(1054, "Unknown column 'nan' in 'field list'")
2020-06-27 11:43:15;root;ERROR;(1054, "Unknown column 'nan' in 'field list'")
2020-07-04 10:33:20;root;ERROR;(1054, "Unknown column 'nan' in 'field list'")
2020-07-11 13:27:24;root;ERROR;(1054, "Unknown column 'nan' in 'field list'")
2020-07-18 10:09:03;root;ERROR;(1054, "Unknown column 'nan' in 'field list'")
2020-08-03 01:18:26;root;ERROR;(1054, "Unknown column 'nan' in 'field list'")
2020-08-15 20:11:43;root;ERROR;(1054, "Unknown column 'nan' in 'field list'")
2020-08-15 20:18:14;root;ERROR;(1054, "Unknown column 'nan' in 'field list'")
2020-08-15 20:21:27;root;ERROR;(1054, "Unknown column 'nan' in 'field list'")
2020-08-23 23:05:54;root;ERROR;(1054, "Unknown column 'nan' in 'field list'")
2020-08-23 23:12:08;root;ERROR;(1054, "Unknown column 'nan' in 'field list'")
2020-08-23 23:15:14;root;ERROR;(1054, "Unknown column 'nan' in 'field list'")
